<?xml version="1.0" encoding="UTF-8"?>
<testsuite name="com.margin.port.springboot.web.HelloControllerTest" tests="2" skipped="0" failures="0" errors="0" timestamp="2021-10-24T07:44:11" hostname="DESKTOP-F7ANJM0" time="0.262">
  <properties/>
  <testcase name="returnHelloDto" classname="com.margin.port.springboot.web.HelloControllerTest" time="0.246"/>
  <testcase name="returnHello" classname="com.margin.port.springboot.web.HelloControllerTest" time="0.015"/>
  <system-out><![CDATA[2021-10-24 16:44:09.271  INFO 14260 --- [    Test worker] .b.t.a.w.s.WebMvcTestContextBootstrapper : Neither @ContextConfiguration nor @ContextHierarchy found for test class [com.margin.port.springboot.web.HelloControllerTest], using SpringBootContextLoader
2021-10-24 16:44:09.273  INFO 14260 --- [    Test worker] o.s.t.c.support.AbstractContextLoader    : Could not detect default resource locations for test class [com.margin.port.springboot.web.HelloControllerTest]: no resource found for suffixes {-context.xml, Context.groovy}.
2021-10-24 16:44:09.273  INFO 14260 --- [    Test worker] t.c.s.AnnotationConfigContextLoaderUtils : Could not detect default configuration classes for test class [com.margin.port.springboot.web.HelloControllerTest]: HelloControllerTest does not declare any static, non-private, non-final, nested classes annotated with @Configuration.
2021-10-24 16:44:09.352  INFO 14260 --- [    Test worker] .b.t.c.SpringBootTestContextBootstrapper : Found @SpringBootConfiguration com.margin.port.springboot.Application for test class com.margin.port.springboot.web.HelloControllerTest
2021-10-24 16:44:09.354  INFO 14260 --- [    Test worker] .b.t.a.w.s.WebMvcTestContextBootstrapper : Loaded default TestExecutionListener class names from location [META-INF/spring.factories]: [org.springframework.security.test.context.support.WithSecurityContextTestExecutionListener, org.springframework.security.test.context.support.ReactorContextTestExecutionListener, org.springframework.boot.test.autoconfigure.restdocs.RestDocsTestExecutionListener, org.springframework.boot.test.autoconfigure.web.client.MockRestServiceServerResetTestExecutionListener, org.springframework.boot.test.autoconfigure.web.servlet.MockMvcPrintOnlyOnFailureTestExecutionListener, org.springframework.boot.test.autoconfigure.web.servlet.WebDriverTestExecutionListener, org.springframework.boot.test.mock.mockito.MockitoTestExecutionListener, org.springframework.boot.test.mock.mockito.ResetMocksTestExecutionListener, org.springframework.test.context.web.ServletTestExecutionListener, org.springframework.test.context.support.DirtiesContextBeforeModesTestExecutionListener, org.springframework.test.context.support.DependencyInjectionTestExecutionListener, org.springframework.test.context.support.DirtiesContextTestExecutionListener, org.springframework.test.context.transaction.TransactionalTestExecutionListener, org.springframework.test.context.jdbc.SqlScriptsTestExecutionListener]
2021-10-24 16:44:09.358  INFO 14260 --- [    Test worker] .b.t.a.w.s.WebMvcTestContextBootstrapper : Using TestExecutionListeners: [org.springframework.test.context.web.ServletTestExecutionListener@5bc0634f, org.springframework.test.context.support.DirtiesContextBeforeModesTestExecutionListener@877271d, org.springframework.boot.test.mock.mockito.MockitoTestExecutionListener@1c73a103, org.springframework.boot.test.autoconfigure.SpringBootDependencyInjectionTestExecutionListener@35368f43, org.springframework.test.context.support.DirtiesContextTestExecutionListener@6db448b1, org.springframework.test.context.transaction.TransactionalTestExecutionListener@5ccac5d5, org.springframework.test.context.jdbc.SqlScriptsTestExecutionListener@5db00cf6, org.springframework.security.test.context.support.WithSecurityContextTestExecutionListener@5c7ddc94, org.springframework.security.test.context.support.ReactorContextTestExecutionListener@1343f66a, org.springframework.boot.test.autoconfigure.restdocs.RestDocsTestExecutionListener@19ad7dba, org.springframework.boot.test.autoconfigure.web.client.MockRestServiceServerResetTestExecutionListener@44a715c5, org.springframework.boot.test.autoconfigure.web.servlet.MockMvcPrintOnlyOnFailureTestExecutionListener@760ce8b9, org.springframework.boot.test.autoconfigure.web.servlet.WebDriverTestExecutionListener@7af0a0b4, org.springframework.boot.test.mock.mockito.ResetMocksTestExecutionListener@8c252fd]

  .   ____          _            __ _ _
 /\\ / ___'_ __ _ _(_)_ __  __ _ \ \ \ \
( ( )\___ | '_ | '_| | '_ \/ _` | \ \ \ \
 \\/  ___)| |_)| | | | | || (_| |  ) ) ) )
  '  |____| .__|_| |_|_| |_\__, | / / / /
 =========|_|==============|___/=/_/_/_/
 :: Spring Boot ::        (v2.1.9.RELEASE)

2021-10-24 16:44:09.508  INFO 14260 --- [    Test worker] c.m.p.s.web.HelloControllerTest          : Starting HelloControllerTest on DESKTOP-F7ANJM0 with PID 14260 (started by User in C:\intelliWork\springboot)
2021-10-24 16:44:09.509  INFO 14260 --- [    Test worker] c.m.p.s.web.HelloControllerTest          : The following profiles are active: oauth
2021-10-24 16:44:10.374  INFO 14260 --- [    Test worker] o.s.s.concurrent.ThreadPoolTaskExecutor  : Initializing ExecutorService 'applicationTaskExecutor'
2021-10-24 16:44:10.443  INFO 14260 --- [    Test worker] o.s.b.a.w.s.WelcomePageHandlerMapping    : Adding welcome page template: index
2021-10-24 16:44:10.861  INFO 14260 --- [    Test worker] .s.s.UserDetailsServiceAutoConfiguration : 

Using generated security password: d562fdf1-74e8-488f-8aa0-bebef4f3de6f

2021-10-24 16:44:11.096  INFO 14260 --- [    Test worker] o.s.s.web.DefaultSecurityFilterChain     : Creating filter chain: any request, [org.springframework.security.web.context.request.async.WebAsyncManagerIntegrationFilter@19f07d08, org.springframework.security.web.context.SecurityContextPersistenceFilter@6ad73ffa, org.springframework.security.web.header.HeaderWriterFilter@52bdfc4c, org.springframework.security.web.csrf.CsrfFilter@467ce530, org.springframework.security.web.authentication.logout.LogoutFilter@78ff0968, org.springframework.security.web.authentication.UsernamePasswordAuthenticationFilter@2922a9f4, org.springframework.security.web.authentication.ui.DefaultLoginPageGeneratingFilter@71201a7f, org.springframework.security.web.authentication.ui.DefaultLogoutPageGeneratingFilter@7c035a80, org.springframework.security.web.authentication.www.BasicAuthenticationFilter@70268e59, org.springframework.security.web.savedrequest.RequestCacheAwareFilter@718483eb, org.springframework.security.web.servletapi.SecurityContextHolderAwareRequestFilter@4ce64e0b, org.springframework.security.web.authentication.AnonymousAuthenticationFilter@3813471f, org.springframework.security.web.session.SessionManagementFilter@7349d64e, org.springframework.security.web.access.ExceptionTranslationFilter@10017922, org.springframework.security.web.access.intercept.FilterSecurityInterceptor@3e53fc10]
2021-10-24 16:44:11.168  INFO 14260 --- [    Test worker] o.s.b.t.m.w.SpringBootMockServletContext : Initializing Spring TestDispatcherServlet ''
2021-10-24 16:44:11.168  INFO 14260 --- [    Test worker] o.s.t.web.servlet.TestDispatcherServlet  : Initializing Servlet ''
2021-10-24 16:44:11.199  INFO 14260 --- [    Test worker] o.s.t.web.servlet.TestDispatcherServlet  : Completed initialization in 30 ms
2021-10-24 16:44:11.241  INFO 14260 --- [    Test worker] c.m.p.s.web.HelloControllerTest          : Started HelloControllerTest in 1.877 seconds (JVM running for 12.527)
]]></system-out>
  <system-err><![CDATA[]]></system-err>
</testsuite>
