<?xml version="1.0" encoding="UTF-8"?>
<testsuite name="com.margin.port.springboot.web.domain.posts.PostsRepositoryTest" tests="2" skipped="0" failures="0" errors="0" timestamp="2021-10-24T07:44:08" hostname="DESKTOP-F7ANJM0" time="0.546">
  <properties/>
  <testcase name="showPosts" classname="com.margin.port.springboot.web.domain.posts.PostsRepositoryTest" time="0.524"/>
  <testcase name="BaseTimeEntity_등록" classname="com.margin.port.springboot.web.domain.posts.PostsRepositoryTest" time="0.021"/>
  <system-out><![CDATA[16:43:59.634 [Test worker] DEBUG org.springframework.test.context.junit4.SpringJUnit4ClassRunner - SpringJUnit4ClassRunner constructor called with [class com.margin.port.springboot.web.domain.posts.PostsRepositoryTest]
16:43:59.642 [Test worker] DEBUG org.springframework.test.context.BootstrapUtils - Instantiating CacheAwareContextLoaderDelegate from class [org.springframework.test.context.cache.DefaultCacheAwareContextLoaderDelegate]
16:43:59.654 [Test worker] DEBUG org.springframework.test.context.BootstrapUtils - Instantiating BootstrapContext using constructor [public org.springframework.test.context.support.DefaultBootstrapContext(java.lang.Class,org.springframework.test.context.CacheAwareContextLoaderDelegate)]
16:43:59.682 [Test worker] DEBUG org.springframework.test.context.BootstrapUtils - Instantiating TestContextBootstrapper for test class [com.margin.port.springboot.web.domain.posts.PostsRepositoryTest] from class [org.springframework.boot.test.context.SpringBootTestContextBootstrapper]
16:43:59.700 [Test worker] INFO org.springframework.boot.test.context.SpringBootTestContextBootstrapper - Neither @ContextConfiguration nor @ContextHierarchy found for test class [com.margin.port.springboot.web.domain.posts.PostsRepositoryTest], using SpringBootContextLoader
16:43:59.704 [Test worker] DEBUG org.springframework.test.context.support.AbstractContextLoader - Did not detect default resource location for test class [com.margin.port.springboot.web.domain.posts.PostsRepositoryTest]: class path resource [com/margin/port/springboot/web/domain/posts/PostsRepositoryTest-context.xml] does not exist
16:43:59.706 [Test worker] DEBUG org.springframework.test.context.support.AbstractContextLoader - Did not detect default resource location for test class [com.margin.port.springboot.web.domain.posts.PostsRepositoryTest]: class path resource [com/margin/port/springboot/web/domain/posts/PostsRepositoryTestContext.groovy] does not exist
16:43:59.706 [Test worker] INFO org.springframework.test.context.support.AbstractContextLoader - Could not detect default resource locations for test class [com.margin.port.springboot.web.domain.posts.PostsRepositoryTest]: no resource found for suffixes {-context.xml, Context.groovy}.
16:43:59.708 [Test worker] INFO org.springframework.test.context.support.AnnotationConfigContextLoaderUtils - Could not detect default configuration classes for test class [com.margin.port.springboot.web.domain.posts.PostsRepositoryTest]: PostsRepositoryTest does not declare any static, non-private, non-final, nested classes annotated with @Configuration.
16:43:59.765 [Test worker] DEBUG org.springframework.test.context.support.ActiveProfilesUtils - Could not find an 'annotation declaring class' for annotation type [org.springframework.test.context.ActiveProfiles] and class [com.margin.port.springboot.web.domain.posts.PostsRepositoryTest]
16:43:59.893 [Test worker] DEBUG org.springframework.context.annotation.ClassPathScanningCandidateComponentProvider - Identified candidate component class: file [C:\intelliWork\springboot\build\classes\java\main\com\margin\port\springboot\Application.class]
16:43:59.896 [Test worker] INFO org.springframework.boot.test.context.SpringBootTestContextBootstrapper - Found @SpringBootConfiguration com.margin.port.springboot.Application for test class com.margin.port.springboot.web.domain.posts.PostsRepositoryTest
16:44:00.055 [Test worker] DEBUG org.springframework.boot.test.context.SpringBootTestContextBootstrapper - @TestExecutionListeners is not present for class [com.margin.port.springboot.web.domain.posts.PostsRepositoryTest]: using defaults.
16:44:00.055 [Test worker] INFO org.springframework.boot.test.context.SpringBootTestContextBootstrapper - Loaded default TestExecutionListener class names from location [META-INF/spring.factories]: [org.springframework.security.test.context.support.WithSecurityContextTestExecutionListener, org.springframework.security.test.context.support.ReactorContextTestExecutionListener, org.springframework.boot.test.autoconfigure.restdocs.RestDocsTestExecutionListener, org.springframework.boot.test.autoconfigure.web.client.MockRestServiceServerResetTestExecutionListener, org.springframework.boot.test.autoconfigure.web.servlet.MockMvcPrintOnlyOnFailureTestExecutionListener, org.springframework.boot.test.autoconfigure.web.servlet.WebDriverTestExecutionListener, org.springframework.boot.test.mock.mockito.MockitoTestExecutionListener, org.springframework.boot.test.mock.mockito.ResetMocksTestExecutionListener, org.springframework.test.context.web.ServletTestExecutionListener, org.springframework.test.context.support.DirtiesContextBeforeModesTestExecutionListener, org.springframework.test.context.support.DependencyInjectionTestExecutionListener, org.springframework.test.context.support.DirtiesContextTestExecutionListener, org.springframework.test.context.transaction.TransactionalTestExecutionListener, org.springframework.test.context.jdbc.SqlScriptsTestExecutionListener]
16:44:00.080 [Test worker] INFO org.springframework.boot.test.context.SpringBootTestContextBootstrapper - Using TestExecutionListeners: [org.springframework.test.context.web.ServletTestExecutionListener@624c9ac4, org.springframework.test.context.support.DirtiesContextBeforeModesTestExecutionListener@572e93d6, org.springframework.boot.test.mock.mockito.MockitoTestExecutionListener@591c4135, org.springframework.boot.test.autoconfigure.SpringBootDependencyInjectionTestExecutionListener@1a0d18fd, org.springframework.test.context.support.DirtiesContextTestExecutionListener@1c913bc2, org.springframework.test.context.transaction.TransactionalTestExecutionListener@3f02aba5, org.springframework.test.context.jdbc.SqlScriptsTestExecutionListener@4ac5099, org.springframework.security.test.context.support.WithSecurityContextTestExecutionListener@76147a01, org.springframework.security.test.context.support.ReactorContextTestExecutionListener@63ce002a, org.springframework.boot.test.autoconfigure.restdocs.RestDocsTestExecutionListener@49bbd075, org.springframework.boot.test.autoconfigure.web.client.MockRestServiceServerResetTestExecutionListener@2f756943, org.springframework.boot.test.autoconfigure.web.servlet.MockMvcPrintOnlyOnFailureTestExecutionListener@7ae4cade, org.springframework.boot.test.autoconfigure.web.servlet.WebDriverTestExecutionListener@69384af8, org.springframework.boot.test.mock.mockito.ResetMocksTestExecutionListener@7e9717d2]
16:44:00.083 [Test worker] DEBUG org.springframework.test.annotation.ProfileValueUtils - Retrieved @ProfileValueSourceConfiguration [null] for test class [com.margin.port.springboot.web.domain.posts.PostsRepositoryTest]
16:44:00.084 [Test worker] DEBUG org.springframework.test.annotation.ProfileValueUtils - Retrieved ProfileValueSource type [class org.springframework.test.annotation.SystemProfileValueSource] for class [com.margin.port.springboot.web.domain.posts.PostsRepositoryTest]
16:44:00.084 [Test worker] DEBUG org.springframework.test.annotation.ProfileValueUtils - Retrieved @ProfileValueSourceConfiguration [null] for test class [com.margin.port.springboot.web.domain.posts.PostsRepositoryTest]
16:44:00.085 [Test worker] DEBUG org.springframework.test.annotation.ProfileValueUtils - Retrieved ProfileValueSource type [class org.springframework.test.annotation.SystemProfileValueSource] for class [com.margin.port.springboot.web.domain.posts.PostsRepositoryTest]
16:44:00.091 [Test worker] DEBUG org.springframework.test.context.support.AbstractDirtiesContextTestExecutionListener - Before test class: context [DefaultTestContext@4e4cab9b testClass = PostsRepositoryTest, testInstance = [null], testMethod = [null], testException = [null], mergedContextConfiguration = [WebMergedContextConfiguration@3fe99740 testClass = PostsRepositoryTest, locations = '{}', classes = '{class com.margin.port.springboot.Application}', contextInitializerClasses = '[]', activeProfiles = '{}', propertySourceLocations = '{}', propertySourceProperties = '{org.springframework.boot.test.context.SpringBootTestContextBootstrapper=true}', contextCustomizers = set[org.springframework.boot.test.autoconfigure.properties.PropertyMappingContextCustomizer@0, org.springframework.boot.test.autoconfigure.web.servlet.WebDriverContextCustomizerFactory$Customizer@3bbf945e, org.springframework.boot.test.context.filter.ExcludeFilterContextCustomizer@688e99ab, org.springframework.boot.test.json.DuplicateJsonObjectContextCustomizerFactory$DuplicateJsonObjectContextCustomizer@3cdfa3fc, org.springframework.boot.test.mock.mockito.MockitoContextCustomizer@0, org.springframework.boot.test.web.client.TestRestTemplateContextCustomizer@14d4d7b1], resourceBasePath = 'src/main/webapp', contextLoader = 'org.springframework.boot.test.context.SpringBootContextLoader', parent = [null]], attributes = map['org.springframework.test.context.web.ServletTestExecutionListener.activateListener' -> true]], class annotated with @DirtiesContext [false] with mode [null].
16:44:00.092 [Test worker] DEBUG org.springframework.test.annotation.ProfileValueUtils - Retrieved @ProfileValueSourceConfiguration [null] for test class [com.margin.port.springboot.web.domain.posts.PostsRepositoryTest]
16:44:00.092 [Test worker] DEBUG org.springframework.test.annotation.ProfileValueUtils - Retrieved ProfileValueSource type [class org.springframework.test.annotation.SystemProfileValueSource] for class [com.margin.port.springboot.web.domain.posts.PostsRepositoryTest]
16:44:00.122 [Test worker] DEBUG org.springframework.test.context.support.TestPropertySourceUtils - Adding inlined properties to environment: {spring.jmx.enabled=false, org.springframework.boot.test.context.SpringBootTestContextBootstrapper=true, server.port=-1}

  .   ____          _            __ _ _
 /\\ / ___'_ __ _ _(_)_ __  __ _ \ \ \ \
( ( )\___ | '_ | '_| | '_ \/ _` | \ \ \ \
 \\/  ___)| |_)| | | | | || (_| |  ) ) ) )
  '  |____| .__|_| |_|_| |_\__, | / / / /
 =========|_|==============|___/=/_/_/_/
 :: Spring Boot ::        (v2.1.9.RELEASE)

2021-10-24 16:44:00.574  INFO 14260 --- [    Test worker] c.m.p.s.w.d.posts.PostsRepositoryTest    : Starting PostsRepositoryTest on DESKTOP-F7ANJM0 with PID 14260 (started by User in C:\intelliWork\springboot)
2021-10-24 16:44:00.576  INFO 14260 --- [    Test worker] c.m.p.s.w.d.posts.PostsRepositoryTest    : The following profiles are active: oauth
2021-10-24 16:44:02.016  INFO 14260 --- [    Test worker] .s.d.r.c.RepositoryConfigurationDelegate : Bootstrapping Spring Data repositories in DEFAULT mode.
2021-10-24 16:44:02.164  INFO 14260 --- [    Test worker] .s.d.r.c.RepositoryConfigurationDelegate : Finished Spring Data repository scanning in 133ms. Found 2 repository interfaces.
2021-10-24 16:44:03.012  INFO 14260 --- [    Test worker] trationDelegate$BeanPostProcessorChecker : Bean 'org.springframework.transaction.annotation.ProxyTransactionManagementConfiguration' of type [org.springframework.transaction.annotation.ProxyTransactionManagementConfiguration$$EnhancerBySpringCGLIB$$58923cf5] is not eligible for getting processed by all BeanPostProcessors (for example: not eligible for auto-proxying)
2021-10-24 16:44:03.332  INFO 14260 --- [    Test worker] com.zaxxer.hikari.HikariDataSource       : HikariPool-1 - Starting...
2021-10-24 16:44:03.609  INFO 14260 --- [    Test worker] com.zaxxer.hikari.HikariDataSource       : HikariPool-1 - Start completed.
2021-10-24 16:44:03.770  INFO 14260 --- [    Test worker] o.hibernate.jpa.internal.util.LogHelper  : HHH000204: Processing PersistenceUnitInfo [
	name: default
	...]
2021-10-24 16:44:03.924  INFO 14260 --- [    Test worker] org.hibernate.Version                    : HHH000412: Hibernate Core {5.3.12.Final}
2021-10-24 16:44:03.927  INFO 14260 --- [    Test worker] org.hibernate.cfg.Environment            : HHH000206: hibernate.properties not found
2021-10-24 16:44:04.225  INFO 14260 --- [    Test worker] o.hibernate.annotations.common.Version   : HCANN000001: Hibernate Commons Annotations {5.0.4.Final}
2021-10-24 16:44:04.514  INFO 14260 --- [    Test worker] org.hibernate.dialect.Dialect            : HHH000400: Using dialect: org.hibernate.dialect.MySQL5InnoDBDialect
Hibernate: drop table if exists posts
Hibernate: drop table if exists user
Hibernate: create table posts (id bigint not null auto_increment, created_dated datetime, modified_date datetime, author varchar(255), content TEXT not null, title varchar(500) not null, primary key (id)) engine=InnoDB
Hibernate: create table user (id bigint not null auto_increment, created_dated datetime, modified_date datetime, email varchar(255) not null, name varchar(255) not null, picture varchar(255), role varchar(255) not null, primary key (id)) engine=InnoDB
2021-10-24 16:44:05.507  INFO 14260 --- [    Test worker] o.h.t.schema.internal.SchemaCreatorImpl  : HHH000476: Executing import script 'org.hibernate.tool.schema.internal.exec.ScriptSourceInputNonExistentImpl@54e1a0b0'
2021-10-24 16:44:05.511  INFO 14260 --- [    Test worker] j.LocalContainerEntityManagerFactoryBean : Initialized JPA EntityManagerFactory for persistence unit 'default'
2021-10-24 16:44:06.290  INFO 14260 --- [    Test worker] o.h.h.i.QueryTranslatorFactoryInitiator  : HHH000397: Using ASTQueryTranslatorFactory
2021-10-24 16:44:06.894  INFO 14260 --- [    Test worker] o.s.s.web.DefaultSecurityFilterChain     : Creating filter chain: any request, [org.springframework.security.web.context.request.async.WebAsyncManagerIntegrationFilter@59c2faa1, org.springframework.security.web.context.SecurityContextPersistenceFilter@6c10ab25, org.springframework.security.web.header.HeaderWriterFilter@4cbae71b, org.springframework.security.web.authentication.logout.LogoutFilter@92716b6, org.springframework.security.oauth2.client.web.OAuth2AuthorizationRequestRedirectFilter@a0ce063, org.springframework.security.oauth2.client.web.OAuth2LoginAuthenticationFilter@7201a9c4, org.springframework.security.web.authentication.ui.DefaultLoginPageGeneratingFilter@7dc29f8f, org.springframework.security.web.authentication.ui.DefaultLogoutPageGeneratingFilter@40d41272, org.springframework.security.web.savedrequest.RequestCacheAwareFilter@788bbd4a, org.springframework.security.web.servletapi.SecurityContextHolderAwareRequestFilter@31b9550c, org.springframework.security.web.authentication.AnonymousAuthenticationFilter@62ba3733, org.springframework.security.web.session.SessionManagementFilter@3e4c73ed, org.springframework.security.web.access.ExceptionTranslationFilter@742a4cb, org.springframework.security.web.access.intercept.FilterSecurityInterceptor@456f9e18]
2021-10-24 16:44:07.775  INFO 14260 --- [    Test worker] o.s.s.concurrent.ThreadPoolTaskExecutor  : Initializing ExecutorService 'applicationTaskExecutor'
2021-10-24 16:44:07.866  WARN 14260 --- [    Test worker] aWebConfiguration$JpaWebMvcConfiguration : spring.jpa.open-in-view is enabled by default. Therefore, database queries may be performed during view rendering. Explicitly configure spring.jpa.open-in-view to disable this warning
2021-10-24 16:44:07.941  INFO 14260 --- [    Test worker] o.s.b.a.w.s.WelcomePageHandlerMapping    : Adding welcome page template: index
2021-10-24 16:44:08.663  INFO 14260 --- [    Test worker] s.a.ScheduledAnnotationBeanPostProcessor : No TaskScheduler/ScheduledExecutorService bean found for scheduled processing
2021-10-24 16:44:08.678  INFO 14260 --- [    Test worker] c.m.p.s.w.d.posts.PostsRepositoryTest    : Started PostsRepositoryTest in 8.542 seconds (JVM running for 9.963)
Hibernate: insert into posts (created_dated, modified_date, author, content, title) values (?, ?, ?, ?, ?)
Hibernate: select posts0_.id as id1_0_, posts0_.created_dated as created_2_0_, posts0_.modified_date as modified3_0_, posts0_.author as author4_0_, posts0_.content as content5_0_, posts0_.title as title6_0_ from posts posts0_
Hibernate: select posts0_.id as id1_0_, posts0_.created_dated as created_2_0_, posts0_.modified_date as modified3_0_, posts0_.author as author4_0_, posts0_.content as content5_0_, posts0_.title as title6_0_ from posts posts0_
Hibernate: delete from posts where id=?
Hibernate: insert into posts (created_dated, modified_date, author, content, title) values (?, ?, ?, ?, ?)
Hibernate: select posts0_.id as id1_0_, posts0_.created_dated as created_2_0_, posts0_.modified_date as modified3_0_, posts0_.author as author4_0_, posts0_.content as content5_0_, posts0_.title as title6_0_ from posts posts0_
>>>>>>>> createDate=2021-10-24T16:44:09.233104, modifiedDate=2021-10-24T16:44:09.233104
Hibernate: select posts0_.id as id1_0_, posts0_.created_dated as created_2_0_, posts0_.modified_date as modified3_0_, posts0_.author as author4_0_, posts0_.content as content5_0_, posts0_.title as title6_0_ from posts posts0_
Hibernate: delete from posts where id=?
]]></system-out>
  <system-err><![CDATA[]]></system-err>
</testsuite>
