<?xml version="1.0" encoding="UTF-8"?>
<testsuite name="com.margin.port.springboot.web.IndexControllerTest" tests="1" skipped="0" failures="0" errors="0" timestamp="2021-10-24T07:44:15" hostname="DESKTOP-F7ANJM0" time="0.38">
  <properties/>
  <testcase name="loadMainPage" classname="com.margin.port.springboot.web.IndexControllerTest" time="0.38"/>
  <system-out><![CDATA[2021-10-24 16:44:11.513  INFO 14260 --- [    Test worker] .b.t.c.SpringBootTestContextBootstrapper : Neither @ContextConfiguration nor @ContextHierarchy found for test class [com.margin.port.springboot.web.IndexControllerTest], using SpringBootContextLoader
2021-10-24 16:44:11.515  INFO 14260 --- [    Test worker] o.s.t.c.support.AbstractContextLoader    : Could not detect default resource locations for test class [com.margin.port.springboot.web.IndexControllerTest]: no resource found for suffixes {-context.xml, Context.groovy}.
2021-10-24 16:44:11.515  INFO 14260 --- [    Test worker] t.c.s.AnnotationConfigContextLoaderUtils : Could not detect default configuration classes for test class [com.margin.port.springboot.web.IndexControllerTest]: IndexControllerTest does not declare any static, non-private, non-final, nested classes annotated with @Configuration.
2021-10-24 16:44:11.519  INFO 14260 --- [    Test worker] .b.t.c.SpringBootTestContextBootstrapper : Found @SpringBootConfiguration com.margin.port.springboot.Application for test class com.margin.port.springboot.web.IndexControllerTest
2021-10-24 16:44:11.523  INFO 14260 --- [    Test worker] .b.t.c.SpringBootTestContextBootstrapper : Loaded default TestExecutionListener class names from location [META-INF/spring.factories]: [org.springframework.security.test.context.support.WithSecurityContextTestExecutionListener, org.springframework.security.test.context.support.ReactorContextTestExecutionListener, org.springframework.boot.test.autoconfigure.restdocs.RestDocsTestExecutionListener, org.springframework.boot.test.autoconfigure.web.client.MockRestServiceServerResetTestExecutionListener, org.springframework.boot.test.autoconfigure.web.servlet.MockMvcPrintOnlyOnFailureTestExecutionListener, org.springframework.boot.test.autoconfigure.web.servlet.WebDriverTestExecutionListener, org.springframework.boot.test.mock.mockito.MockitoTestExecutionListener, org.springframework.boot.test.mock.mockito.ResetMocksTestExecutionListener, org.springframework.test.context.web.ServletTestExecutionListener, org.springframework.test.context.support.DirtiesContextBeforeModesTestExecutionListener, org.springframework.test.context.support.DependencyInjectionTestExecutionListener, org.springframework.test.context.support.DirtiesContextTestExecutionListener, org.springframework.test.context.transaction.TransactionalTestExecutionListener, org.springframework.test.context.jdbc.SqlScriptsTestExecutionListener]
2021-10-24 16:44:11.525  INFO 14260 --- [    Test worker] .b.t.c.SpringBootTestContextBootstrapper : Using TestExecutionListeners: [org.springframework.test.context.web.ServletTestExecutionListener@34823b86, org.springframework.test.context.support.DirtiesContextBeforeModesTestExecutionListener@1a80ca4a, org.springframework.boot.test.mock.mockito.MockitoTestExecutionListener@3d54caff, org.springframework.boot.test.autoconfigure.SpringBootDependencyInjectionTestExecutionListener@4b946c61, org.springframework.test.context.support.DirtiesContextTestExecutionListener@6eef209e, org.springframework.test.context.transaction.TransactionalTestExecutionListener@72217593, org.springframework.test.context.jdbc.SqlScriptsTestExecutionListener@69395a1a, org.springframework.security.test.context.support.WithSecurityContextTestExecutionListener@1a6d438, org.springframework.security.test.context.support.ReactorContextTestExecutionListener@16daff42, org.springframework.boot.test.autoconfigure.restdocs.RestDocsTestExecutionListener@6fae9de7, org.springframework.boot.test.autoconfigure.web.client.MockRestServiceServerResetTestExecutionListener@4c64e382, org.springframework.boot.test.autoconfigure.web.servlet.MockMvcPrintOnlyOnFailureTestExecutionListener@7bd4e922, org.springframework.boot.test.autoconfigure.web.servlet.WebDriverTestExecutionListener@3a3529f5, org.springframework.boot.test.mock.mockito.ResetMocksTestExecutionListener@21efdaf1]

  .   ____          _            __ _ _
 /\\ / ___'_ __ _ _(_)_ __  __ _ \ \ \ \
( ( )\___ | '_ | '_| | '_ \/ _` | \ \ \ \
 \\/  ___)| |_)| | | | | || (_| |  ) ) ) )
  '  |____| .__|_| |_|_| |_\__, | / / / /
 =========|_|==============|___/=/_/_/_/
 :: Spring Boot ::        (v2.1.9.RELEASE)

2021-10-24 16:44:11.619  INFO 14260 --- [    Test worker] c.m.p.s.web.IndexControllerTest          : Starting IndexControllerTest on DESKTOP-F7ANJM0 with PID 14260 (started by User in C:\intelliWork\springboot)
2021-10-24 16:44:11.619  INFO 14260 --- [    Test worker] c.m.p.s.web.IndexControllerTest          : The following profiles are active: oauth
2021-10-24 16:44:12.038  INFO 14260 --- [    Test worker] .s.d.r.c.RepositoryConfigurationDelegate : Bootstrapping Spring Data repositories in DEFAULT mode.
2021-10-24 16:44:12.081  INFO 14260 --- [    Test worker] .s.d.r.c.RepositoryConfigurationDelegate : Finished Spring Data repository scanning in 43ms. Found 2 repository interfaces.
2021-10-24 16:44:12.252  INFO 14260 --- [    Test worker] trationDelegate$BeanPostProcessorChecker : Bean 'org.springframework.transaction.annotation.ProxyTransactionManagementConfiguration' of type [org.springframework.transaction.annotation.ProxyTransactionManagementConfiguration$$EnhancerBySpringCGLIB$$58923cf5] is not eligible for getting processed by all BeanPostProcessors (for example: not eligible for auto-proxying)
2021-10-24 16:44:12.625  INFO 14260 --- [    Test worker] o.s.b.w.embedded.tomcat.TomcatWebServer  : Tomcat initialized with port(s): 0 (http)
2021-10-24 16:44:12.692  INFO 14260 --- [    Test worker] o.apache.catalina.core.StandardService   : Starting service [Tomcat]
2021-10-24 16:44:12.693  INFO 14260 --- [    Test worker] org.apache.catalina.core.StandardEngine  : Starting Servlet engine: [Apache Tomcat/9.0.26]
2021-10-24 16:44:13.100  INFO 14260 --- [    Test worker] o.a.c.c.C.[Tomcat].[localhost].[/]       : Initializing Spring embedded WebApplicationContext
2021-10-24 16:44:13.101  INFO 14260 --- [    Test worker] o.s.web.context.ContextLoader            : Root WebApplicationContext: initialization completed in 1478 ms
2021-10-24 16:44:13.460  INFO 14260 --- [    Test worker] com.zaxxer.hikari.HikariDataSource       : HikariPool-2 - Starting...
2021-10-24 16:44:13.463  INFO 14260 --- [    Test worker] com.zaxxer.hikari.HikariDataSource       : HikariPool-2 - Start completed.
2021-10-24 16:44:13.536  INFO 14260 --- [    Test worker] o.hibernate.jpa.internal.util.LogHelper  : HHH000204: Processing PersistenceUnitInfo [
	name: default
	...]
2021-10-24 16:44:13.554  INFO 14260 --- [    Test worker] org.hibernate.dialect.Dialect            : HHH000400: Using dialect: org.hibernate.dialect.MySQL5InnoDBDialect
Hibernate: drop table if exists posts
Hibernate: drop table if exists user
Hibernate: create table posts (id bigint not null auto_increment, created_dated datetime, modified_date datetime, author varchar(255), content TEXT not null, title varchar(500) not null, primary key (id)) engine=InnoDB
Hibernate: create table user (id bigint not null auto_increment, created_dated datetime, modified_date datetime, email varchar(255) not null, name varchar(255) not null, picture varchar(255), role varchar(255) not null, primary key (id)) engine=InnoDB
2021-10-24 16:44:13.644  INFO 14260 --- [    Test worker] o.h.t.schema.internal.SchemaCreatorImpl  : HHH000476: Executing import script 'org.hibernate.tool.schema.internal.exec.ScriptSourceInputNonExistentImpl@54e1a0b0'
2021-10-24 16:44:13.645  INFO 14260 --- [    Test worker] j.LocalContainerEntityManagerFactoryBean : Initialized JPA EntityManagerFactory for persistence unit 'default'
2021-10-24 16:44:14.162  INFO 14260 --- [    Test worker] o.h.h.i.QueryTranslatorFactoryInitiator  : HHH000397: Using ASTQueryTranslatorFactory
2021-10-24 16:44:14.380  INFO 14260 --- [    Test worker] o.s.s.web.DefaultSecurityFilterChain     : Creating filter chain: any request, [org.springframework.security.web.context.request.async.WebAsyncManagerIntegrationFilter@20a855d9, org.springframework.security.web.context.SecurityContextPersistenceFilter@3366eed0, org.springframework.security.web.header.HeaderWriterFilter@744852d8, org.springframework.security.web.authentication.logout.LogoutFilter@79225f0f, org.springframework.security.oauth2.client.web.OAuth2AuthorizationRequestRedirectFilter@4f6cb970, org.springframework.security.oauth2.client.web.OAuth2LoginAuthenticationFilter@2f137cfd, org.springframework.security.web.authentication.ui.DefaultLoginPageGeneratingFilter@7db62e07, org.springframework.security.web.authentication.ui.DefaultLogoutPageGeneratingFilter@38ee7755, org.springframework.security.web.savedrequest.RequestCacheAwareFilter@160e9ea5, org.springframework.security.web.servletapi.SecurityContextHolderAwareRequestFilter@20e6c02e, org.springframework.security.web.authentication.AnonymousAuthenticationFilter@12e3ee01, org.springframework.security.web.session.SessionManagementFilter@66b76742, org.springframework.security.web.access.ExceptionTranslationFilter@94bb32, org.springframework.security.web.access.intercept.FilterSecurityInterceptor@53d970e1]
2021-10-24 16:44:14.652  INFO 14260 --- [    Test worker] o.s.s.concurrent.ThreadPoolTaskExecutor  : Initializing ExecutorService 'applicationTaskExecutor'
2021-10-24 16:44:14.668  WARN 14260 --- [    Test worker] aWebConfiguration$JpaWebMvcConfiguration : spring.jpa.open-in-view is enabled by default. Therefore, database queries may be performed during view rendering. Explicitly configure spring.jpa.open-in-view to disable this warning
2021-10-24 16:44:14.704  INFO 14260 --- [    Test worker] o.s.b.a.w.s.WelcomePageHandlerMapping    : Adding welcome page template: index
2021-10-24 16:44:15.096  INFO 14260 --- [    Test worker] s.a.ScheduledAnnotationBeanPostProcessor : No TaskScheduler/ScheduledExecutorService bean found for scheduled processing
2021-10-24 16:44:15.136  INFO 14260 --- [    Test worker] o.s.b.w.embedded.tomcat.TomcatWebServer  : Tomcat started on port(s): 57080 (http) with context path ''
2021-10-24 16:44:15.138  INFO 14260 --- [    Test worker] c.m.p.s.web.IndexControllerTest          : Started IndexControllerTest in 3.608 seconds (JVM running for 16.423)
2021-10-24 16:44:15.300  INFO 14260 --- [o-auto-1-exec-1] o.a.c.c.C.[Tomcat].[localhost].[/]       : Initializing Spring DispatcherServlet 'dispatcherServlet'
2021-10-24 16:44:15.300  INFO 14260 --- [o-auto-1-exec-1] o.s.web.servlet.DispatcherServlet        : Initializing Servlet 'dispatcherServlet'
2021-10-24 16:44:15.340  INFO 14260 --- [o-auto-1-exec-1] o.s.web.servlet.DispatcherServlet        : Completed initialization in 40 ms
Hibernate: select posts0_.id as id1_0_, posts0_.created_dated as created_2_0_, posts0_.modified_date as modified3_0_, posts0_.author as author4_0_, posts0_.content as content5_0_, posts0_.title as title6_0_ from posts posts0_ order by posts0_.id DESC
]]></system-out>
  <system-err><![CDATA[]]></system-err>
</testsuite>
