<?xml version="1.0" encoding="UTF-8"?>
<testsuite name="com.margin.port.springboot.web.HelloControllerTest" tests="2" skipped="0" failures="0" errors="0" timestamp="2021-10-26T09:10:10" hostname="DESKTOP-F7ANJM0" time="0.166">
  <properties/>
  <testcase name="returnHelloDto" classname="com.margin.port.springboot.web.HelloControllerTest" time="0.156"/>
  <testcase name="returnHello" classname="com.margin.port.springboot.web.HelloControllerTest" time="0.009"/>
  <system-out><![CDATA[2021-10-26 18:10:09.609  INFO 12044 --- [    Test worker] .b.t.a.w.s.WebMvcTestContextBootstrapper : Neither @ContextConfiguration nor @ContextHierarchy found for test class [com.margin.port.springboot.web.HelloControllerTest], using SpringBootContextLoader
2021-10-26 18:10:09.611  INFO 12044 --- [    Test worker] o.s.t.c.support.AbstractContextLoader    : Could not detect default resource locations for test class [com.margin.port.springboot.web.HelloControllerTest]: no resource found for suffixes {-context.xml, Context.groovy}.
2021-10-26 18:10:09.612  INFO 12044 --- [    Test worker] t.c.s.AnnotationConfigContextLoaderUtils : Could not detect default configuration classes for test class [com.margin.port.springboot.web.HelloControllerTest]: HelloControllerTest does not declare any static, non-private, non-final, nested classes annotated with @Configuration.
2021-10-26 18:10:09.661  INFO 12044 --- [    Test worker] .b.t.c.SpringBootTestContextBootstrapper : Found @SpringBootConfiguration com.margin.port.springboot.Application for test class com.margin.port.springboot.web.HelloControllerTest
2021-10-26 18:10:09.662  INFO 12044 --- [    Test worker] .b.t.a.w.s.WebMvcTestContextBootstrapper : Loaded default TestExecutionListener class names from location [META-INF/spring.factories]: [org.springframework.security.test.context.support.WithSecurityContextTestExecutionListener, org.springframework.security.test.context.support.ReactorContextTestExecutionListener, org.springframework.boot.test.autoconfigure.restdocs.RestDocsTestExecutionListener, org.springframework.boot.test.autoconfigure.web.client.MockRestServiceServerResetTestExecutionListener, org.springframework.boot.test.autoconfigure.web.servlet.MockMvcPrintOnlyOnFailureTestExecutionListener, org.springframework.boot.test.autoconfigure.web.servlet.WebDriverTestExecutionListener, org.springframework.boot.test.mock.mockito.MockitoTestExecutionListener, org.springframework.boot.test.mock.mockito.ResetMocksTestExecutionListener, org.springframework.test.context.web.ServletTestExecutionListener, org.springframework.test.context.support.DirtiesContextBeforeModesTestExecutionListener, org.springframework.test.context.support.DependencyInjectionTestExecutionListener, org.springframework.test.context.support.DirtiesContextTestExecutionListener, org.springframework.test.context.transaction.TransactionalTestExecutionListener, org.springframework.test.context.jdbc.SqlScriptsTestExecutionListener]
2021-10-26 18:10:09.664  INFO 12044 --- [    Test worker] .b.t.a.w.s.WebMvcTestContextBootstrapper : Using TestExecutionListeners: [org.springframework.test.context.web.ServletTestExecutionListener@72ab3b5c, org.springframework.test.context.support.DirtiesContextBeforeModesTestExecutionListener@433fadb2, org.springframework.boot.test.mock.mockito.MockitoTestExecutionListener@3d252a38, org.springframework.boot.test.autoconfigure.SpringBootDependencyInjectionTestExecutionListener@193ad5c5, org.springframework.test.context.support.DirtiesContextTestExecutionListener@32e07c65, org.springframework.test.context.transaction.TransactionalTestExecutionListener@c8c05b6, org.springframework.test.context.jdbc.SqlScriptsTestExecutionListener@18ec8af5, org.springframework.security.test.context.support.WithSecurityContextTestExecutionListener@57b7f0d0, org.springframework.security.test.context.support.ReactorContextTestExecutionListener@6605ad17, org.springframework.boot.test.autoconfigure.restdocs.RestDocsTestExecutionListener@a48a5d4, org.springframework.boot.test.autoconfigure.web.client.MockRestServiceServerResetTestExecutionListener@760f3d4a, org.springframework.boot.test.autoconfigure.web.servlet.MockMvcPrintOnlyOnFailureTestExecutionListener@1ed6622b, org.springframework.boot.test.autoconfigure.web.servlet.WebDriverTestExecutionListener@557019f3, org.springframework.boot.test.mock.mockito.ResetMocksTestExecutionListener@1a59608c]

  .   ____          _            __ _ _
 /\\ / ___'_ __ _ _(_)_ __  __ _ \ \ \ \
( ( )\___ | '_ | '_| | '_ \/ _` | \ \ \ \
 \\/  ___)| |_)| | | | | || (_| |  ) ) ) )
  '  |____| .__|_| |_|_| |_\__, | / / / /
 =========|_|==============|___/=/_/_/_/
 :: Spring Boot ::        (v2.1.9.RELEASE)

2021-10-26 18:10:09.732  INFO 12044 --- [    Test worker] c.m.p.s.web.HelloControllerTest          : Starting HelloControllerTest on DESKTOP-F7ANJM0 with PID 12044 (started by User in C:\intelliWork\springboot)
2021-10-26 18:10:09.734  INFO 12044 --- [    Test worker] c.m.p.s.web.HelloControllerTest          : No active profile set, falling back to default profiles: default
2021-10-26 18:10:10.253  INFO 12044 --- [    Test worker] o.s.s.concurrent.ThreadPoolTaskExecutor  : Initializing ExecutorService 'applicationTaskExecutor'
2021-10-26 18:10:10.296  INFO 12044 --- [    Test worker] o.s.b.a.w.s.WelcomePageHandlerMapping    : Adding welcome page template: index
2021-10-26 18:10:10.528  INFO 12044 --- [    Test worker] .s.s.UserDetailsServiceAutoConfiguration : 

Using generated security password: 52efdca2-2267-4d42-b55f-fbe5cf05129e

2021-10-26 18:10:10.664  INFO 12044 --- [    Test worker] o.s.s.web.DefaultSecurityFilterChain     : Creating filter chain: any request, [org.springframework.security.web.context.request.async.WebAsyncManagerIntegrationFilter@7349d64e, org.springframework.security.web.context.SecurityContextPersistenceFilter@42762665, org.springframework.security.web.header.HeaderWriterFilter@742b0110, org.springframework.security.web.csrf.CsrfFilter@bc76742, org.springframework.security.web.authentication.logout.LogoutFilter@4ffd19a7, org.springframework.security.web.authentication.UsernamePasswordAuthenticationFilter@77e8b877, org.springframework.security.web.authentication.ui.DefaultLoginPageGeneratingFilter@1f5da605, org.springframework.security.web.authentication.ui.DefaultLogoutPageGeneratingFilter@6ad73ffa, org.springframework.security.web.authentication.www.BasicAuthenticationFilter@10017922, org.springframework.security.web.savedrequest.RequestCacheAwareFilter@43e94f30, org.springframework.security.web.servletapi.SecurityContextHolderAwareRequestFilter@6fe6f5dc, org.springframework.security.web.authentication.AnonymousAuthenticationFilter@718483eb, org.springframework.security.web.session.SessionManagementFilter@44e685a0, org.springframework.security.web.access.ExceptionTranslationFilter@be14ff4, org.springframework.security.web.access.intercept.FilterSecurityInterceptor@187305d]
2021-10-26 18:10:10.713  INFO 12044 --- [    Test worker] o.s.b.t.m.w.SpringBootMockServletContext : Initializing Spring TestDispatcherServlet ''
2021-10-26 18:10:10.713  INFO 12044 --- [    Test worker] o.s.t.web.servlet.TestDispatcherServlet  : Initializing Servlet ''
2021-10-26 18:10:10.732  INFO 12044 --- [    Test worker] o.s.t.web.servlet.TestDispatcherServlet  : Completed initialization in 19 ms
2021-10-26 18:10:10.762  INFO 12044 --- [    Test worker] c.m.p.s.web.HelloControllerTest          : Started HelloControllerTest in 1.089 seconds (JVM running for 10.604)
]]></system-out>
  <system-err><![CDATA[]]></system-err>
</testsuite>
