<?xml version="1.0" encoding="UTF-8"?>
<testsuite name="com.margin.port.springboot.web.dto.HelloResponseDtoTest" tests="1" skipped="0" failures="0" errors="0" timestamp="2021-10-24T07:44:09" hostname="DESKTOP-F7ANJM0" time="0.003">
  <properties/>
  <testcase name="lombokTest" classname="com.margin.port.springboot.web.dto.HelloResponseDtoTest" time="0.003"/>
  <system-out><![CDATA[]]></system-out>
  <system-err><![CDATA[]]></system-err>
</testsuite>
