<?xml version="1.0" encoding="UTF-8"?>
<testsuite name="com.margin.port.springboot.web.IndexControllerTest" tests="1" skipped="0" failures="0" errors="0" timestamp="2021-10-26T09:10:13" hostname="DESKTOP-F7ANJM0" time="0.215">
  <properties/>
  <testcase name="loadMainPage" classname="com.margin.port.springboot.web.IndexControllerTest" time="0.215"/>
  <system-out><![CDATA[2021-10-26 18:10:10.936  INFO 12044 --- [    Test worker] .b.t.c.SpringBootTestContextBootstrapper : Neither @ContextConfiguration nor @ContextHierarchy found for test class [com.margin.port.springboot.web.IndexControllerTest], using SpringBootContextLoader
2021-10-26 18:10:10.938  INFO 12044 --- [    Test worker] o.s.t.c.support.AbstractContextLoader    : Could not detect default resource locations for test class [com.margin.port.springboot.web.IndexControllerTest]: no resource found for suffixes {-context.xml, Context.groovy}.
2021-10-26 18:10:10.938  INFO 12044 --- [    Test worker] t.c.s.AnnotationConfigContextLoaderUtils : Could not detect default configuration classes for test class [com.margin.port.springboot.web.IndexControllerTest]: IndexControllerTest does not declare any static, non-private, non-final, nested classes annotated with @Configuration.
2021-10-26 18:10:10.941  INFO 12044 --- [    Test worker] .b.t.c.SpringBootTestContextBootstrapper : Found @SpringBootConfiguration com.margin.port.springboot.Application for test class com.margin.port.springboot.web.IndexControllerTest
2021-10-26 18:10:10.943  INFO 12044 --- [    Test worker] .b.t.c.SpringBootTestContextBootstrapper : Loaded default TestExecutionListener class names from location [META-INF/spring.factories]: [org.springframework.security.test.context.support.WithSecurityContextTestExecutionListener, org.springframework.security.test.context.support.ReactorContextTestExecutionListener, org.springframework.boot.test.autoconfigure.restdocs.RestDocsTestExecutionListener, org.springframework.boot.test.autoconfigure.web.client.MockRestServiceServerResetTestExecutionListener, org.springframework.boot.test.autoconfigure.web.servlet.MockMvcPrintOnlyOnFailureTestExecutionListener, org.springframework.boot.test.autoconfigure.web.servlet.WebDriverTestExecutionListener, org.springframework.boot.test.mock.mockito.MockitoTestExecutionListener, org.springframework.boot.test.mock.mockito.ResetMocksTestExecutionListener, org.springframework.test.context.web.ServletTestExecutionListener, org.springframework.test.context.support.DirtiesContextBeforeModesTestExecutionListener, org.springframework.test.context.support.DependencyInjectionTestExecutionListener, org.springframework.test.context.support.DirtiesContextTestExecutionListener, org.springframework.test.context.transaction.TransactionalTestExecutionListener, org.springframework.test.context.jdbc.SqlScriptsTestExecutionListener]
2021-10-26 18:10:10.945  INFO 12044 --- [    Test worker] .b.t.c.SpringBootTestContextBootstrapper : Using TestExecutionListeners: [org.springframework.test.context.web.ServletTestExecutionListener@66aadb7e, org.springframework.test.context.support.DirtiesContextBeforeModesTestExecutionListener@6ccc8038, org.springframework.boot.test.mock.mockito.MockitoTestExecutionListener@75b6ea0a, org.springframework.boot.test.autoconfigure.SpringBootDependencyInjectionTestExecutionListener@117e01a0, org.springframework.test.context.support.DirtiesContextTestExecutionListener@213f49da, org.springframework.test.context.transaction.TransactionalTestExecutionListener@297ad085, org.springframework.test.context.jdbc.SqlScriptsTestExecutionListener@6bde891a, org.springframework.security.test.context.support.WithSecurityContextTestExecutionListener@accf6c0, org.springframework.security.test.context.support.ReactorContextTestExecutionListener@51e61fda, org.springframework.boot.test.autoconfigure.restdocs.RestDocsTestExecutionListener@2ee7139b, org.springframework.boot.test.autoconfigure.web.client.MockRestServiceServerResetTestExecutionListener@31eec904, org.springframework.boot.test.autoconfigure.web.servlet.MockMvcPrintOnlyOnFailureTestExecutionListener@5cf9430f, org.springframework.boot.test.autoconfigure.web.servlet.WebDriverTestExecutionListener@3d809f85, org.springframework.boot.test.mock.mockito.ResetMocksTestExecutionListener@2b6d2865]

  .   ____          _            __ _ _
 /\\ / ___'_ __ _ _(_)_ __  __ _ \ \ \ \
( ( )\___ | '_ | '_| | '_ \/ _` | \ \ \ \
 \\/  ___)| |_)| | | | | || (_| |  ) ) ) )
  '  |____| .__|_| |_|_| |_\__, | / / / /
 =========|_|==============|___/=/_/_/_/
 :: Spring Boot ::        (v2.1.9.RELEASE)

2021-10-26 18:10:10.997  INFO 12044 --- [    Test worker] c.m.p.s.web.IndexControllerTest          : Starting IndexControllerTest on DESKTOP-F7ANJM0 with PID 12044 (started by User in C:\intelliWork\springboot)
2021-10-26 18:10:10.998  INFO 12044 --- [    Test worker] c.m.p.s.web.IndexControllerTest          : No active profile set, falling back to default profiles: default
2021-10-26 18:10:11.309  INFO 12044 --- [    Test worker] .s.d.r.c.RepositoryConfigurationDelegate : Bootstrapping Spring Data repositories in DEFAULT mode.
2021-10-26 18:10:11.345  INFO 12044 --- [    Test worker] .s.d.r.c.RepositoryConfigurationDelegate : Finished Spring Data repository scanning in 36ms. Found 2 repository interfaces.
2021-10-26 18:10:11.457  INFO 12044 --- [    Test worker] trationDelegate$BeanPostProcessorChecker : Bean 'org.springframework.transaction.annotation.ProxyTransactionManagementConfiguration' of type [org.springframework.transaction.annotation.ProxyTransactionManagementConfiguration$$EnhancerBySpringCGLIB$$6f3e0cd2] is not eligible for getting processed by all BeanPostProcessors (for example: not eligible for auto-proxying)
2021-10-26 18:10:11.752  INFO 12044 --- [    Test worker] o.s.b.w.embedded.tomcat.TomcatWebServer  : Tomcat initialized with port(s): 0 (http)
2021-10-26 18:10:11.785  INFO 12044 --- [    Test worker] o.apache.catalina.core.StandardService   : Starting service [Tomcat]
2021-10-26 18:10:11.785  INFO 12044 --- [    Test worker] org.apache.catalina.core.StandardEngine  : Starting Servlet engine: [Apache Tomcat/9.0.26]
2021-10-26 18:10:12.006  INFO 12044 --- [    Test worker] o.a.c.c.C.[Tomcat].[localhost].[/]       : Initializing Spring embedded WebApplicationContext
2021-10-26 18:10:12.006  INFO 12044 --- [    Test worker] o.s.web.context.ContextLoader            : Root WebApplicationContext: initialization completed in 1005 ms
2021-10-26 18:10:12.228  INFO 12044 --- [    Test worker] com.zaxxer.hikari.HikariDataSource       : HikariPool-2 - Starting...
2021-10-26 18:10:12.231  INFO 12044 --- [    Test worker] com.zaxxer.hikari.HikariDataSource       : HikariPool-2 - Start completed.
2021-10-26 18:10:12.275  INFO 12044 --- [    Test worker] o.hibernate.jpa.internal.util.LogHelper  : HHH000204: Processing PersistenceUnitInfo [
	name: default
	...]
2021-10-26 18:10:12.288  INFO 12044 --- [    Test worker] org.hibernate.dialect.Dialect            : HHH000400: Using dialect: org.hibernate.dialect.MySQL5InnoDBDialect
Hibernate: drop table if exists posts
Hibernate: drop table if exists user
Hibernate: create table posts (id bigint not null auto_increment, created_dated datetime, modified_date datetime, author varchar(255), content TEXT not null, title varchar(500) not null, primary key (id)) engine=InnoDB
Hibernate: create table user (id bigint not null auto_increment, created_dated datetime, modified_date datetime, email varchar(255) not null, name varchar(255) not null, picture varchar(255), role varchar(255) not null, primary key (id)) engine=InnoDB
2021-10-26 18:10:12.351  INFO 12044 --- [    Test worker] o.h.t.schema.internal.SchemaCreatorImpl  : HHH000476: Executing import script 'org.hibernate.tool.schema.internal.exec.ScriptSourceInputNonExistentImpl@4a4b9936'
2021-10-26 18:10:12.352  INFO 12044 --- [    Test worker] j.LocalContainerEntityManagerFactoryBean : Initialized JPA EntityManagerFactory for persistence unit 'default'
2021-10-26 18:10:12.707  INFO 12044 --- [    Test worker] o.h.h.i.QueryTranslatorFactoryInitiator  : HHH000397: Using ASTQueryTranslatorFactory
2021-10-26 18:10:12.852  INFO 12044 --- [    Test worker] o.s.s.web.DefaultSecurityFilterChain     : Creating filter chain: any request, [org.springframework.security.web.context.request.async.WebAsyncManagerIntegrationFilter@23e52232, org.springframework.security.web.context.SecurityContextPersistenceFilter@6cdc528b, org.springframework.security.web.header.HeaderWriterFilter@392da587, org.springframework.security.web.authentication.logout.LogoutFilter@126f0220, org.springframework.security.oauth2.client.web.OAuth2AuthorizationRequestRedirectFilter@55290956, org.springframework.security.oauth2.client.web.OAuth2LoginAuthenticationFilter@66b154d4, org.springframework.security.web.authentication.ui.DefaultLoginPageGeneratingFilter@1c294324, org.springframework.security.web.authentication.ui.DefaultLogoutPageGeneratingFilter@6830b527, org.springframework.security.web.savedrequest.RequestCacheAwareFilter@74dbeb6f, org.springframework.security.web.servletapi.SecurityContextHolderAwareRequestFilter@208e69ee, org.springframework.security.web.authentication.AnonymousAuthenticationFilter@754e62ce, org.springframework.security.web.session.SessionManagementFilter@1ab4d5fe, org.springframework.security.web.access.ExceptionTranslationFilter@14c19bc4, org.springframework.security.web.access.intercept.FilterSecurityInterceptor@42f13df4]
2021-10-26 18:10:13.045  INFO 12044 --- [    Test worker] o.s.s.concurrent.ThreadPoolTaskExecutor  : Initializing ExecutorService 'applicationTaskExecutor'
2021-10-26 18:10:13.060  WARN 12044 --- [    Test worker] aWebConfiguration$JpaWebMvcConfiguration : spring.jpa.open-in-view is enabled by default. Therefore, database queries may be performed during view rendering. Explicitly configure spring.jpa.open-in-view to disable this warning
2021-10-26 18:10:13.089  INFO 12044 --- [    Test worker] o.s.b.a.w.s.WelcomePageHandlerMapping    : Adding welcome page template: index
2021-10-26 18:10:13.360  INFO 12044 --- [    Test worker] s.a.ScheduledAnnotationBeanPostProcessor : No TaskScheduler/ScheduledExecutorService bean found for scheduled processing
2021-10-26 18:10:13.396  INFO 12044 --- [    Test worker] o.s.b.w.embedded.tomcat.TomcatWebServer  : Tomcat started on port(s): 51234 (http) with context path ''
2021-10-26 18:10:13.397  INFO 12044 --- [    Test worker] c.m.p.s.web.IndexControllerTest          : Started IndexControllerTest in 2.448 seconds (JVM running for 13.24)
2021-10-26 18:10:13.493  INFO 12044 --- [o-auto-1-exec-1] o.a.c.c.C.[Tomcat].[localhost].[/]       : Initializing Spring DispatcherServlet 'dispatcherServlet'
2021-10-26 18:10:13.493  INFO 12044 --- [o-auto-1-exec-1] o.s.web.servlet.DispatcherServlet        : Initializing Servlet 'dispatcherServlet'
2021-10-26 18:10:13.517  INFO 12044 --- [o-auto-1-exec-1] o.s.web.servlet.DispatcherServlet        : Completed initialization in 24 ms
Hibernate: select posts0_.id as id1_0_, posts0_.created_dated as created_2_0_, posts0_.modified_date as modified3_0_, posts0_.author as author4_0_, posts0_.content as content5_0_, posts0_.title as title6_0_ from posts posts0_ order by posts0_.id DESC
]]></system-out>
  <system-err><![CDATA[]]></system-err>
</testsuite>
