<?xml version="1.0" encoding="UTF-8"?>
<testsuite name="com.margin.port.springboot.web.PostsApiControllerTest" tests="2" skipped="0" failures="0" errors="0" timestamp="2021-10-23T06:03:57" hostname="DESKTOP-F7ANJM0" time="0.131">
  <properties/>
  <testcase name="registerPosts" classname="com.margin.port.springboot.web.PostsApiControllerTest" time="0.083"/>
  <testcase name="updatePosts" classname="com.margin.port.springboot.web.PostsApiControllerTest" time="0.048"/>
  <system-out><![CDATA[2021-10-23 15:03:57.762  INFO 17792 --- [    Test worker] .b.t.c.SpringBootTestContextBootstrapper : Neither @ContextConfiguration nor @ContextHierarchy found for test class [com.margin.port.springboot.web.PostsApiControllerTest], using SpringBootContextLoader
2021-10-23 15:03:57.765  INFO 17792 --- [    Test worker] o.s.t.c.support.AbstractContextLoader    : Could not detect default resource locations for test class [com.margin.port.springboot.web.PostsApiControllerTest]: no resource found for suffixes {-context.xml, Context.groovy}.
2021-10-23 15:03:57.766  INFO 17792 --- [    Test worker] t.c.s.AnnotationConfigContextLoaderUtils : Could not detect default configuration classes for test class [com.margin.port.springboot.web.PostsApiControllerTest]: PostsApiControllerTest does not declare any static, non-private, non-final, nested classes annotated with @Configuration.
2021-10-23 15:03:57.769  INFO 17792 --- [    Test worker] .b.t.c.SpringBootTestContextBootstrapper : Found @SpringBootConfiguration com.margin.port.springboot.Application for test class com.margin.port.springboot.web.PostsApiControllerTest
2021-10-23 15:03:57.772  INFO 17792 --- [    Test worker] .b.t.c.SpringBootTestContextBootstrapper : Loaded default TestExecutionListener class names from location [META-INF/spring.factories]: [org.springframework.security.test.context.support.WithSecurityContextTestExecutionListener, org.springframework.security.test.context.support.ReactorContextTestExecutionListener, org.springframework.boot.test.autoconfigure.restdocs.RestDocsTestExecutionListener, org.springframework.boot.test.autoconfigure.web.client.MockRestServiceServerResetTestExecutionListener, org.springframework.boot.test.autoconfigure.web.servlet.MockMvcPrintOnlyOnFailureTestExecutionListener, org.springframework.boot.test.autoconfigure.web.servlet.WebDriverTestExecutionListener, org.springframework.boot.test.mock.mockito.MockitoTestExecutionListener, org.springframework.boot.test.mock.mockito.ResetMocksTestExecutionListener, org.springframework.test.context.web.ServletTestExecutionListener, org.springframework.test.context.support.DirtiesContextBeforeModesTestExecutionListener, org.springframework.test.context.support.DependencyInjectionTestExecutionListener, org.springframework.test.context.support.DirtiesContextTestExecutionListener, org.springframework.test.context.transaction.TransactionalTestExecutionListener, org.springframework.test.context.jdbc.SqlScriptsTestExecutionListener]
2021-10-23 15:03:57.773  INFO 17792 --- [    Test worker] .b.t.c.SpringBootTestContextBootstrapper : Using TestExecutionListeners: [org.springframework.test.context.web.ServletTestExecutionListener@66add559, org.springframework.test.context.support.DirtiesContextBeforeModesTestExecutionListener@78428be3, org.springframework.boot.test.mock.mockito.MockitoTestExecutionListener@3a1046fc, org.springframework.boot.test.autoconfigure.SpringBootDependencyInjectionTestExecutionListener@262a2222, org.springframework.test.context.support.DirtiesContextTestExecutionListener@2e253ca3, org.springframework.test.context.transaction.TransactionalTestExecutionListener@42d4b717, org.springframework.test.context.jdbc.SqlScriptsTestExecutionListener@7a4b2e17, org.springframework.security.test.context.support.WithSecurityContextTestExecutionListener@d07284e, org.springframework.security.test.context.support.ReactorContextTestExecutionListener@ac0cd69, org.springframework.boot.test.autoconfigure.restdocs.RestDocsTestExecutionListener@6dcbaf29, org.springframework.boot.test.autoconfigure.web.client.MockRestServiceServerResetTestExecutionListener@4ed30f11, org.springframework.boot.test.autoconfigure.web.servlet.MockMvcPrintOnlyOnFailureTestExecutionListener@7aa21bdd, org.springframework.boot.test.autoconfigure.web.servlet.WebDriverTestExecutionListener@76053a65, org.springframework.boot.test.mock.mockito.ResetMocksTestExecutionListener@4687616b]
2021-10-23 15:03:57.787  INFO 17792 --- [    Test worker] o.a.c.c.C.[Tomcat].[localhost].[/]       : Initializing Spring TestDispatcherServlet ''
2021-10-23 15:03:57.787  INFO 17792 --- [    Test worker] o.s.t.web.servlet.TestDispatcherServlet  : Initializing Servlet ''
2021-10-23 15:03:57.790  INFO 17792 --- [    Test worker] o.s.t.web.servlet.TestDispatcherServlet  : Completed initialization in 3 ms
Hibernate: insert into posts (created_dated, modified_date, author, content, title) values (?, ?, ?, ?, ?)
Hibernate: select posts0_.id as id1_0_, posts0_.created_dated as created_2_0_, posts0_.modified_date as modified3_0_, posts0_.author as author4_0_, posts0_.content as content5_0_, posts0_.title as title6_0_ from posts posts0_
Hibernate: select posts0_.id as id1_0_, posts0_.created_dated as created_2_0_, posts0_.modified_date as modified3_0_, posts0_.author as author4_0_, posts0_.content as content5_0_, posts0_.title as title6_0_ from posts posts0_
Hibernate: delete from posts where id=?
2021-10-23 15:03:57.865  INFO 17792 --- [    Test worker] o.a.c.c.C.[Tomcat].[localhost].[/]       : Initializing Spring TestDispatcherServlet ''
2021-10-23 15:03:57.865  INFO 17792 --- [    Test worker] o.s.t.web.servlet.TestDispatcherServlet  : Initializing Servlet ''
2021-10-23 15:03:57.868  INFO 17792 --- [    Test worker] o.s.t.web.servlet.TestDispatcherServlet  : Completed initialization in 3 ms
Hibernate: insert into posts (created_dated, modified_date, author, content, title) values (?, ?, ?, ?, ?)
Hibernate: select posts0_.id as id1_0_0_, posts0_.created_dated as created_2_0_0_, posts0_.modified_date as modified3_0_0_, posts0_.author as author4_0_0_, posts0_.content as content5_0_0_, posts0_.title as title6_0_0_ from posts posts0_ where posts0_.id=?
Hibernate: update posts set created_dated=?, modified_date=?, author=?, content=?, title=? where id=?
Hibernate: select posts0_.id as id1_0_, posts0_.created_dated as created_2_0_, posts0_.modified_date as modified3_0_, posts0_.author as author4_0_, posts0_.content as content5_0_, posts0_.title as title6_0_ from posts posts0_
Hibernate: select posts0_.id as id1_0_, posts0_.created_dated as created_2_0_, posts0_.modified_date as modified3_0_, posts0_.author as author4_0_, posts0_.content as content5_0_, posts0_.title as title6_0_ from posts posts0_
Hibernate: delete from posts where id=?
]]></system-out>
  <system-err><![CDATA[]]></system-err>
</testsuite>
